C:\Users\serka\Desktop\xxx\Proje\Angle\wwwroot\build\app\core\settings\settings.service.js
C:\Users\serka\Desktop\xxx\Proje\Angle\wwwroot\build\app\core\settings\settings.service.js.map
C:\Users\serka\Desktop\xxx\Proje\Angle\wwwroot\build\app\app.component.js
C:\Users\serka\Desktop\xxx\Proje\Angle\wwwroot\build\app\app.component.js.map
C:\Users\serka\Desktop\xxx\Proje\Angle\wwwroot\build\app\core\themes\themes.service.js
C:\Users\serka\Desktop\xxx\Proje\Angle\wwwroot\build\app\core\themes\themes.service.js.map
C:\Users\serka\Desktop\xxx\Proje\Angle\wwwroot\build\app\core\translator\translator.service.js
C:\Users\serka\Desktop\xxx\Proje\Angle\wwwroot\build\app\core\translator\translator.service.js.map
C:\Users\serka\Desktop\xxx\Proje\Angle\wwwroot\build\app\shared\directives\flot\flot.directive.js
C:\Users\serka\Desktop\xxx\Proje\Angle\wwwroot\build\app\shared\directives\flot\flot.directive.js.map
C:\Users\serka\Desktop\xxx\Proje\Angle\wwwroot\build\app\shared\directives\sparkline\sparkline.directive.js
C:\Users\serka\Desktop\xxx\Proje\Angle\wwwroot\build\app\shared\directives\sparkline\sparkline.directive.js.map
C:\Users\serka\Desktop\xxx\Proje\Angle\wwwroot\build\app\shared\directives\easypiechart\easypiechart.directive.js
C:\Users\serka\Desktop\xxx\Proje\Angle\wwwroot\build\app\shared\directives\easypiechart\easypiechart.directive.js.map
C:\Users\serka\Desktop\xxx\Proje\Angle\wwwroot\build\app\shared\colors\colors.service.js
C:\Users\serka\Desktop\xxx\Proje\Angle\wwwroot\build\app\shared\colors\colors.service.js.map
C:\Users\serka\Desktop\xxx\Proje\Angle\wwwroot\build\app\shared\directives\checkall\checkall.directive.js
C:\Users\serka\Desktop\xxx\Proje\Angle\wwwroot\build\app\shared\directives\checkall\checkall.directive.js.map
C:\Users\serka\Desktop\xxx\Proje\Angle\wwwroot\build\app\shared\directives\vectormap\vectormap.directive.js
C:\Users\serka\Desktop\xxx\Proje\Angle\wwwroot\build\app\shared\directives\vectormap\vectormap.directive.js.map
C:\Users\serka\Desktop\xxx\Proje\Angle\wwwroot\build\app\shared\directives\now\now.directive.js
C:\Users\serka\Desktop\xxx\Proje\Angle\wwwroot\build\app\shared\directives\now\now.directive.js.map
C:\Users\serka\Desktop\xxx\Proje\Angle\wwwroot\build\app\shared\directives\scrollable\scrollable.directive.js
C:\Users\serka\Desktop\xxx\Proje\Angle\wwwroot\build\app\shared\directives\scrollable\scrollable.directive.js.map
C:\Users\serka\Desktop\xxx\Proje\Angle\wwwroot\build\app\shared\directives\jqcloud\jqcloud.directive.js
C:\Users\serka\Desktop\xxx\Proje\Angle\wwwroot\build\app\shared\directives\jqcloud\jqcloud.directive.js.map
C:\Users\serka\Desktop\xxx\Proje\Angle\wwwroot\build\app\shared\shared.module.js
C:\Users\serka\Desktop\xxx\Proje\Angle\wwwroot\build\app\shared\shared.module.js.map
C:\Users\serka\Desktop\xxx\Proje\Angle\wwwroot\build\app\routes\pages\services\account.service.js
C:\Users\serka\Desktop\xxx\Proje\Angle\wwwroot\build\app\routes\pages\services\account.service.js.map
C:\Users\serka\Desktop\xxx\Proje\Angle\wwwroot\build\app\routes\pages\login\login.component.js
C:\Users\serka\Desktop\xxx\Proje\Angle\wwwroot\build\app\routes\pages\login\login.component.js.map
C:\Users\serka\Desktop\xxx\Proje\Angle\wwwroot\build\app\routes\pages\register\register.component.js
C:\Users\serka\Desktop\xxx\Proje\Angle\wwwroot\build\app\routes\pages\register\register.component.js.map
C:\Users\serka\Desktop\xxx\Proje\Angle\wwwroot\build\app\routes\pages\recover\recover.component.js
C:\Users\serka\Desktop\xxx\Proje\Angle\wwwroot\build\app\routes\pages\recover\recover.component.js.map
C:\Users\serka\Desktop\xxx\Proje\Angle\wwwroot\build\app\routes\pages\lock\lock.component.js
C:\Users\serka\Desktop\xxx\Proje\Angle\wwwroot\build\app\routes\pages\lock\lock.component.js.map
C:\Users\serka\Desktop\xxx\Proje\Angle\wwwroot\build\app\routes\pages\maintenance\maintenance.component.js
C:\Users\serka\Desktop\xxx\Proje\Angle\wwwroot\build\app\routes\pages\maintenance\maintenance.component.js.map
C:\Users\serka\Desktop\xxx\Proje\Angle\wwwroot\build\app\routes\pages\error404\error404.component.js
C:\Users\serka\Desktop\xxx\Proje\Angle\wwwroot\build\app\routes\pages\error404\error404.component.js.map
C:\Users\serka\Desktop\xxx\Proje\Angle\wwwroot\build\app\routes\pages\error500\error500.component.js
C:\Users\serka\Desktop\xxx\Proje\Angle\wwwroot\build\app\routes\pages\error500\error500.component.js.map
C:\Users\serka\Desktop\xxx\Proje\Angle\wwwroot\build\app\routes\pages\pages.module.js
C:\Users\serka\Desktop\xxx\Proje\Angle\wwwroot\build\app\routes\pages\pages.module.js.map
C:\Users\serka\Desktop\xxx\Proje\Angle\wwwroot\build\app\routes\menu.js
C:\Users\serka\Desktop\xxx\Proje\Angle\wwwroot\build\app\routes\menu.js.map
C:\Users\serka\Desktop\xxx\Proje\Angle\wwwroot\build\app\layout\layout.component.js
C:\Users\serka\Desktop\xxx\Proje\Angle\wwwroot\build\app\layout\layout.component.js.map
C:\Users\serka\Desktop\xxx\Proje\Angle\wwwroot\build\app\routes\routes.js
C:\Users\serka\Desktop\xxx\Proje\Angle\wwwroot\build\app\routes\routes.js.map
C:\Users\serka\Desktop\xxx\Proje\Angle\wwwroot\build\app\routes\routes.module.js
C:\Users\serka\Desktop\xxx\Proje\Angle\wwwroot\build\app\routes\routes.module.js.map
C:\Users\serka\Desktop\xxx\Proje\Angle\wwwroot\build\app\core\menu\menu.service.js
C:\Users\serka\Desktop\xxx\Proje\Angle\wwwroot\build\app\core\menu\menu.service.js.map
C:\Users\serka\Desktop\xxx\Proje\Angle\wwwroot\build\app\core\module-import-guard.js
C:\Users\serka\Desktop\xxx\Proje\Angle\wwwroot\build\app\core\module-import-guard.js.map
C:\Users\serka\Desktop\xxx\Proje\Angle\wwwroot\build\app\core\core.module.js
C:\Users\serka\Desktop\xxx\Proje\Angle\wwwroot\build\app\core\core.module.js.map
C:\Users\serka\Desktop\xxx\Proje\Angle\wwwroot\build\app\layout\sidebar\sidebar.component.js
C:\Users\serka\Desktop\xxx\Proje\Angle\wwwroot\build\app\layout\sidebar\sidebar.component.js.map
C:\Users\serka\Desktop\xxx\Proje\Angle\wwwroot\build\app\layout\sidebar\userblock\userblock.service.js
C:\Users\serka\Desktop\xxx\Proje\Angle\wwwroot\build\app\layout\sidebar\userblock\userblock.service.js.map
C:\Users\serka\Desktop\xxx\Proje\Angle\wwwroot\build\app\layout\header\header.component.js
C:\Users\serka\Desktop\xxx\Proje\Angle\wwwroot\build\app\layout\header\header.component.js.map
C:\Users\serka\Desktop\xxx\Proje\Angle\wwwroot\build\app\layout\header\navsearch\navsearch.component.js
C:\Users\serka\Desktop\xxx\Proje\Angle\wwwroot\build\app\layout\header\navsearch\navsearch.component.js.map
C:\Users\serka\Desktop\xxx\Proje\Angle\wwwroot\build\app\layout\offsidebar\offsidebar.component.js
C:\Users\serka\Desktop\xxx\Proje\Angle\wwwroot\build\app\layout\offsidebar\offsidebar.component.js.map
C:\Users\serka\Desktop\xxx\Proje\Angle\wwwroot\build\app\layout\sidebar\userblock\userblock.component.js
C:\Users\serka\Desktop\xxx\Proje\Angle\wwwroot\build\app\layout\sidebar\userblock\userblock.component.js.map
C:\Users\serka\Desktop\xxx\Proje\Angle\wwwroot\build\app\layout\footer\footer.component.js
C:\Users\serka\Desktop\xxx\Proje\Angle\wwwroot\build\app\layout\footer\footer.component.js.map
C:\Users\serka\Desktop\xxx\Proje\Angle\wwwroot\build\app\layout\layout.module.js
C:\Users\serka\Desktop\xxx\Proje\Angle\wwwroot\build\app\layout\layout.module.js.map
C:\Users\serka\Desktop\xxx\Proje\Angle\wwwroot\build\app\_helpers\jwt.interceptor.js
C:\Users\serka\Desktop\xxx\Proje\Angle\wwwroot\build\app\_helpers\jwt.interceptor.js.map
C:\Users\serka\Desktop\xxx\Proje\Angle\wwwroot\build\app\app.module.js
C:\Users\serka\Desktop\xxx\Proje\Angle\wwwroot\build\app\app.module.js.map
C:\Users\serka\Desktop\xxx\Proje\Angle\wwwroot\build\boot-client.aot.js
C:\Users\serka\Desktop\xxx\Proje\Angle\wwwroot\build\boot-client.aot.js.map
C:\Users\serka\Desktop\xxx\Proje\Angle\wwwroot\build\boot-client.js
C:\Users\serka\Desktop\xxx\Proje\Angle\wwwroot\build\boot-client.js.map
C:\Users\serka\Desktop\xxx\Proje\Angle\wwwroot\build\app\polyfills.js
C:\Users\serka\Desktop\xxx\Proje\Angle\wwwroot\build\app\polyfills.js.map
C:\Users\serka\Desktop\xxx\Proje\Angle\wwwroot\build\app\vendor.js
C:\Users\serka\Desktop\xxx\Proje\Angle\wwwroot\build\app\vendor.js.map
C:\Users\serka\Desktop\xxx\Proje\Angle\wwwroot\build\app\_helpers\RouteReuseStrategy .js
C:\Users\serka\Desktop\xxx\Proje\Angle\wwwroot\build\app\_helpers\RouteReuseStrategy .js.map
C:\Users\serka\Desktop\xxx\Proje\Angle\wwwroot\build\app\routes\guards\auth.service.js
C:\Users\serka\Desktop\xxx\Proje\Angle\wwwroot\build\app\routes\guards\auth.service.js.map
C:\Users\serka\Desktop\xxx\Proje\Angle\wwwroot\build\app\routes\admin\interfaces\course.js
C:\Users\serka\Desktop\xxx\Proje\Angle\wwwroot\build\app\routes\admin\interfaces\course.js.map
C:\Users\serka\Desktop\xxx\Proje\Angle\wwwroot\build\app\routes\admin\interfaces\teacher.js
C:\Users\serka\Desktop\xxx\Proje\Angle\wwwroot\build\app\routes\admin\interfaces\teacher.js.map
C:\Users\serka\Desktop\xxx\Proje\Angle\wwwroot\build\app\routes\admin\interfaces\student.js
C:\Users\serka\Desktop\xxx\Proje\Angle\wwwroot\build\app\routes\admin\interfaces\student.js.map
C:\Users\serka\Desktop\xxx\Proje\Angle\wwwroot\build\app\routes\admin\interfaces\tcourse.js
C:\Users\serka\Desktop\xxx\Proje\Angle\wwwroot\build\app\routes\admin\interfaces\tcourse.js.map
C:\Users\serka\Desktop\xxx\Proje\Angle\wwwroot\build\app\routes\admin\services\course.service.js
C:\Users\serka\Desktop\xxx\Proje\Angle\wwwroot\build\app\routes\admin\services\course.service.js.map
C:\Users\serka\Desktop\xxx\Proje\Angle\wwwroot\build\app\routes\admin\services\teacher.service.js
C:\Users\serka\Desktop\xxx\Proje\Angle\wwwroot\build\app\routes\admin\services\teacher.service.js.map
C:\Users\serka\Desktop\xxx\Proje\Angle\wwwroot\build\app\routes\admin\course\add-course\add-course.component.js
C:\Users\serka\Desktop\xxx\Proje\Angle\wwwroot\build\app\routes\admin\course\add-course\add-course.component.js.map
C:\Users\serka\Desktop\xxx\Proje\Angle\wwwroot\build\app\routes\student\interfaces\scourse.js
C:\Users\serka\Desktop\xxx\Proje\Angle\wwwroot\build\app\routes\student\interfaces\scourse.js.map
C:\Users\serka\Desktop\xxx\Proje\Angle\wwwroot\build\app\routes\admin\services\student.service.js
C:\Users\serka\Desktop\xxx\Proje\Angle\wwwroot\build\app\routes\admin\services\student.service.js.map
C:\Users\serka\Desktop\xxx\Proje\Angle\wwwroot\build\app\routes\admin\course\detail-course\detail-course.component.js
C:\Users\serka\Desktop\xxx\Proje\Angle\wwwroot\build\app\routes\admin\course\detail-course\detail-course.component.js.map
C:\Users\serka\Desktop\xxx\Proje\Angle\wwwroot\build\app\routes\admin\course\list-course\list-course.component.js
C:\Users\serka\Desktop\xxx\Proje\Angle\wwwroot\build\app\routes\admin\course\list-course\list-course.component.js.map
C:\Users\serka\Desktop\xxx\Proje\Angle\wwwroot\build\app\routes\admin\student\detail-student\detail-student.component.js
C:\Users\serka\Desktop\xxx\Proje\Angle\wwwroot\build\app\routes\admin\student\detail-student\detail-student.component.js.map
C:\Users\serka\Desktop\xxx\Proje\Angle\wwwroot\build\app\routes\admin\student\list-student\list-student.component.js
C:\Users\serka\Desktop\xxx\Proje\Angle\wwwroot\build\app\routes\admin\student\list-student\list-student.component.js.map
C:\Users\serka\Desktop\xxx\Proje\Angle\wwwroot\build\app\routes\admin\teacher\add-teacher\add-teacher.component.js
C:\Users\serka\Desktop\xxx\Proje\Angle\wwwroot\build\app\routes\admin\teacher\add-teacher\add-teacher.component.js.map
C:\Users\serka\Desktop\xxx\Proje\Angle\wwwroot\build\app\routes\admin\teacher\detail-teacher\detail-teacher.component.js
C:\Users\serka\Desktop\xxx\Proje\Angle\wwwroot\build\app\routes\admin\teacher\detail-teacher\detail-teacher.component.js.map
C:\Users\serka\Desktop\xxx\Proje\Angle\wwwroot\build\app\routes\admin\teacher\list-teacher\list-teacher.component.js
C:\Users\serka\Desktop\xxx\Proje\Angle\wwwroot\build\app\routes\admin\teacher\list-teacher\list-teacher.component.js.map
C:\Users\serka\Desktop\xxx\Proje\Angle\wwwroot\build\app\routes\admin\admin.module.js
C:\Users\serka\Desktop\xxx\Proje\Angle\wwwroot\build\app\routes\admin\admin.module.js.map
C:\Users\serka\Desktop\xxx\Proje\Angle\wwwroot\build\app\routes\blog\list\list.component.js
C:\Users\serka\Desktop\xxx\Proje\Angle\wwwroot\build\app\routes\blog\list\list.component.js.map
C:\Users\serka\Desktop\xxx\Proje\Angle\wwwroot\build\app\routes\blog\post\post.component.js
C:\Users\serka\Desktop\xxx\Proje\Angle\wwwroot\build\app\routes\blog\post\post.component.js.map
C:\Users\serka\Desktop\xxx\Proje\Angle\wwwroot\build\app\routes\blog\articles\articles.component.js
C:\Users\serka\Desktop\xxx\Proje\Angle\wwwroot\build\app\routes\blog\articles\articles.component.js.map
C:\Users\serka\Desktop\xxx\Proje\Angle\wwwroot\build\app\routes\blog\articleview\articleview.component.js
C:\Users\serka\Desktop\xxx\Proje\Angle\wwwroot\build\app\routes\blog\articleview\articleview.component.js.map
C:\Users\serka\Desktop\xxx\Proje\Angle\wwwroot\build\app\routes\blog\blog.module.js
C:\Users\serka\Desktop\xxx\Proje\Angle\wwwroot\build\app\routes\blog\blog.module.js.map
C:\Users\serka\Desktop\xxx\Proje\Angle\wwwroot\build\app\routes\charts\chartjs\chartjs.component.js
C:\Users\serka\Desktop\xxx\Proje\Angle\wwwroot\build\app\routes\charts\chartjs\chartjs.component.js.map
C:\Users\serka\Desktop\xxx\Proje\Angle\wwwroot\build\app\routes\charts\flot\flot.component.js
C:\Users\serka\Desktop\xxx\Proje\Angle\wwwroot\build\app\routes\charts\flot\flot.component.js.map
C:\Users\serka\Desktop\xxx\Proje\Angle\wwwroot\build\app\routes\charts\radial\radial.component.js
C:\Users\serka\Desktop\xxx\Proje\Angle\wwwroot\build\app\routes\charts\radial\radial.component.js.map
C:\Users\serka\Desktop\xxx\Proje\Angle\wwwroot\build\app\routes\charts\charts.module.js
C:\Users\serka\Desktop\xxx\Proje\Angle\wwwroot\build\app\routes\charts\charts.module.js.map
C:\Users\serka\Desktop\xxx\Proje\Angle\wwwroot\build\app\routes\dashboard\dashboardv1\dashboardv1.component.js
C:\Users\serka\Desktop\xxx\Proje\Angle\wwwroot\build\app\routes\dashboard\dashboardv1\dashboardv1.component.js.map
C:\Users\serka\Desktop\xxx\Proje\Angle\wwwroot\build\app\routes\dashboard\dashboardv2\dashboardv2.component.js
C:\Users\serka\Desktop\xxx\Proje\Angle\wwwroot\build\app\routes\dashboard\dashboardv2\dashboardv2.component.js.map
C:\Users\serka\Desktop\xxx\Proje\Angle\wwwroot\build\app\routes\dashboard\dashboardv3\dashboardv3.component.js
C:\Users\serka\Desktop\xxx\Proje\Angle\wwwroot\build\app\routes\dashboard\dashboardv3\dashboardv3.component.js.map
C:\Users\serka\Desktop\xxx\Proje\Angle\wwwroot\build\app\routes\dashboard\dashboard.module.js
C:\Users\serka\Desktop\xxx\Proje\Angle\wwwroot\build\app\routes\dashboard\dashboard.module.js.map
C:\Users\serka\Desktop\xxx\Proje\Angle\wwwroot\build\app\routes\ecommerce\orders\orders.component.js
C:\Users\serka\Desktop\xxx\Proje\Angle\wwwroot\build\app\routes\ecommerce\orders\orders.component.js.map
C:\Users\serka\Desktop\xxx\Proje\Angle\wwwroot\build\app\routes\ecommerce\orderview\orderview.component.js
C:\Users\serka\Desktop\xxx\Proje\Angle\wwwroot\build\app\routes\ecommerce\orderview\orderview.component.js.map
C:\Users\serka\Desktop\xxx\Proje\Angle\wwwroot\build\app\routes\ecommerce\products\products.component.js
C:\Users\serka\Desktop\xxx\Proje\Angle\wwwroot\build\app\routes\ecommerce\products\products.component.js.map
C:\Users\serka\Desktop\xxx\Proje\Angle\wwwroot\build\app\routes\ecommerce\productview\productview.component.js
C:\Users\serka\Desktop\xxx\Proje\Angle\wwwroot\build\app\routes\ecommerce\productview\productview.component.js.map
C:\Users\serka\Desktop\xxx\Proje\Angle\wwwroot\build\app\routes\ecommerce\checkout\checkout.component.js
C:\Users\serka\Desktop\xxx\Proje\Angle\wwwroot\build\app\routes\ecommerce\checkout\checkout.component.js.map
C:\Users\serka\Desktop\xxx\Proje\Angle\wwwroot\build\app\routes\ecommerce\ecommerce.module.js
C:\Users\serka\Desktop\xxx\Proje\Angle\wwwroot\build\app\routes\ecommerce\ecommerce.module.js.map
C:\Users\serka\Desktop\xxx\Proje\Angle\wwwroot\build\app\routes\elements\buttons\buttons.component.js
C:\Users\serka\Desktop\xxx\Proje\Angle\wwwroot\build\app\routes\elements\buttons\buttons.component.js.map
C:\Users\serka\Desktop\xxx\Proje\Angle\wwwroot\build\app\routes\elements\spinners\spinners.component.js
C:\Users\serka\Desktop\xxx\Proje\Angle\wwwroot\build\app\routes\elements\spinners\spinners.component.js.map
C:\Users\serka\Desktop\xxx\Proje\Angle\wwwroot\build\app\routes\elements\dropdown\dropdown.component.js
C:\Users\serka\Desktop\xxx\Proje\Angle\wwwroot\build\app\routes\elements\dropdown\dropdown.component.js.map
C:\Users\serka\Desktop\xxx\Proje\Angle\wwwroot\build\app\routes\elements\grid\grid.component.js
C:\Users\serka\Desktop\xxx\Proje\Angle\wwwroot\build\app\routes\elements\grid\grid.component.js.map
C:\Users\serka\Desktop\xxx\Proje\Angle\wwwroot\build\app\routes\elements\gridmasonry\gridmasonry.component.js
C:\Users\serka\Desktop\xxx\Proje\Angle\wwwroot\build\app\routes\elements\gridmasonry\gridmasonry.component.js.map
C:\Users\serka\Desktop\xxx\Proje\Angle\wwwroot\build\app\routes\elements\typography\typography.component.js
C:\Users\serka\Desktop\xxx\Proje\Angle\wwwroot\build\app\routes\elements\typography\typography.component.js.map
C:\Users\serka\Desktop\xxx\Proje\Angle\wwwroot\build\app\routes\elements\iconsfont\iconsfont.component.js
C:\Users\serka\Desktop\xxx\Proje\Angle\wwwroot\build\app\routes\elements\iconsfont\iconsfont.component.js.map
C:\Users\serka\Desktop\xxx\Proje\Angle\wwwroot\build\app\routes\elements\iconsweather\iconsweather.component.js
C:\Users\serka\Desktop\xxx\Proje\Angle\wwwroot\build\app\routes\elements\iconsweather\iconsweather.component.js.map
C:\Users\serka\Desktop\xxx\Proje\Angle\wwwroot\build\app\routes\elements\colors\colors.component.js
C:\Users\serka\Desktop\xxx\Proje\Angle\wwwroot\build\app\routes\elements\colors\colors.component.js.map
C:\Users\serka\Desktop\xxx\Proje\Angle\wwwroot\build\app\routes\elements\interaction\interaction.component.js
C:\Users\serka\Desktop\xxx\Proje\Angle\wwwroot\build\app\routes\elements\interaction\interaction.component.js.map
C:\Users\serka\Desktop\xxx\Proje\Angle\wwwroot\build\app\routes\elements\notification\notification.component.js
C:\Users\serka\Desktop\xxx\Proje\Angle\wwwroot\build\app\routes\elements\notification\notification.component.js.map
C:\Users\serka\Desktop\xxx\Proje\Angle\wwwroot\build\app\routes\elements\navtree\navtree.component.js
C:\Users\serka\Desktop\xxx\Proje\Angle\wwwroot\build\app\routes\elements\navtree\navtree.component.js.map
C:\Users\serka\Desktop\xxx\Proje\Angle\wwwroot\build\app\routes\elements\sortable\sortable.product.js
C:\Users\serka\Desktop\xxx\Proje\Angle\wwwroot\build\app\routes\elements\sortable\sortable.product.js.map
C:\Users\serka\Desktop\xxx\Proje\Angle\wwwroot\build\app\routes\elements\sortable\sortable.component.js
C:\Users\serka\Desktop\xxx\Proje\Angle\wwwroot\build\app\routes\elements\sortable\sortable.component.js.map
C:\Users\serka\Desktop\xxx\Proje\Angle\wwwroot\build\app\routes\elements\infinitescroll\infinitescroll.component.js
C:\Users\serka\Desktop\xxx\Proje\Angle\wwwroot\build\app\routes\elements\infinitescroll\infinitescroll.component.js.map
C:\Users\serka\Desktop\xxx\Proje\Angle\wwwroot\build\app\routes\elements\sweetalert\sweetalert.component.js
C:\Users\serka\Desktop\xxx\Proje\Angle\wwwroot\build\app\routes\elements\sweetalert\sweetalert.component.js.map
C:\Users\serka\Desktop\xxx\Proje\Angle\wwwroot\build\app\routes\elements\elements.module.js
C:\Users\serka\Desktop\xxx\Proje\Angle\wwwroot\build\app\routes\elements\elements.module.js.map
C:\Users\serka\Desktop\xxx\Proje\Angle\wwwroot\build\app\routes\extras\bugtracker\bugtracker.component.js
C:\Users\serka\Desktop\xxx\Proje\Angle\wwwroot\build\app\routes\extras\bugtracker\bugtracker.component.js.map
C:\Users\serka\Desktop\xxx\Proje\Angle\wwwroot\build\app\routes\extras\calendar\calendar.component.js
C:\Users\serka\Desktop\xxx\Proje\Angle\wwwroot\build\app\routes\extras\calendar\calendar.component.js.map
C:\Users\serka\Desktop\xxx\Proje\Angle\wwwroot\build\app\routes\extras\codeeditor\codeeditor.component.js
C:\Users\serka\Desktop\xxx\Proje\Angle\wwwroot\build\app\routes\extras\codeeditor\codeeditor.component.js.map
C:\Users\serka\Desktop\xxx\Proje\Angle\wwwroot\build\app\routes\extras\contactdetails\contactdetails.component.js
C:\Users\serka\Desktop\xxx\Proje\Angle\wwwroot\build\app\routes\extras\contactdetails\contactdetails.component.js.map
C:\Users\serka\Desktop\xxx\Proje\Angle\wwwroot\build\app\routes\extras\contacts\contacts.component.js
C:\Users\serka\Desktop\xxx\Proje\Angle\wwwroot\build\app\routes\extras\contacts\contacts.component.js.map
C:\Users\serka\Desktop\xxx\Proje\Angle\wwwroot\build\app\routes\extras\faq\faq.component.js
C:\Users\serka\Desktop\xxx\Proje\Angle\wwwroot\build\app\routes\extras\faq\faq.component.js.map
C:\Users\serka\Desktop\xxx\Proje\Angle\wwwroot\build\app\routes\extras\filemanager\filemanager.component.js
C:\Users\serka\Desktop\xxx\Proje\Angle\wwwroot\build\app\routes\extras\filemanager\filemanager.component.js.map
C:\Users\serka\Desktop\xxx\Proje\Angle\wwwroot\build\app\routes\extras\followers\followers.component.js
C:\Users\serka\Desktop\xxx\Proje\Angle\wwwroot\build\app\routes\extras\followers\followers.component.js.map
C:\Users\serka\Desktop\xxx\Proje\Angle\wwwroot\build\app\routes\extras\forum\forum.component.js
C:\Users\serka\Desktop\xxx\Proje\Angle\wwwroot\build\app\routes\extras\forum\forum.component.js.map
C:\Users\serka\Desktop\xxx\Proje\Angle\wwwroot\build\app\routes\extras\forum\forumdiscussion\forumdiscussion.component.js
C:\Users\serka\Desktop\xxx\Proje\Angle\wwwroot\build\app\routes\extras\forum\forumdiscussion\forumdiscussion.component.js.map
C:\Users\serka\Desktop\xxx\Proje\Angle\wwwroot\build\app\routes\extras\forum\forumtopics\forumtopics.component.js
C:\Users\serka\Desktop\xxx\Proje\Angle\wwwroot\build\app\routes\extras\forum\forumtopics\forumtopics.component.js.map
C:\Users\serka\Desktop\xxx\Proje\Angle\wwwroot\build\app\routes\extras\helpcenter\helpcenter.component.js
C:\Users\serka\Desktop\xxx\Proje\Angle\wwwroot\build\app\routes\extras\helpcenter\helpcenter.component.js.map
C:\Users\serka\Desktop\xxx\Proje\Angle\wwwroot\build\app\routes\extras\invoice\invoice.component.js
C:\Users\serka\Desktop\xxx\Proje\Angle\wwwroot\build\app\routes\extras\invoice\invoice.component.js.map
C:\Users\serka\Desktop\xxx\Proje\Angle\wwwroot\build\app\routes\extras\mailbox\compose\compose.component.js
C:\Users\serka\Desktop\xxx\Proje\Angle\wwwroot\build\app\routes\extras\mailbox\compose\compose.component.js.map
C:\Users\serka\Desktop\xxx\Proje\Angle\wwwroot\build\app\routes\extras\mailbox\folder\folder.component.js
C:\Users\serka\Desktop\xxx\Proje\Angle\wwwroot\build\app\routes\extras\mailbox\folder\folder.component.js.map
C:\Users\serka\Desktop\xxx\Proje\Angle\wwwroot\build\app\routes\extras\mailbox\mailbox.component.js
C:\Users\serka\Desktop\xxx\Proje\Angle\wwwroot\build\app\routes\extras\mailbox\mailbox.component.js.map
C:\Users\serka\Desktop\xxx\Proje\Angle\wwwroot\build\app\routes\extras\mailbox\view\view.component.js
C:\Users\serka\Desktop\xxx\Proje\Angle\wwwroot\build\app\routes\extras\mailbox\view\view.component.js.map
C:\Users\serka\Desktop\xxx\Proje\Angle\wwwroot\build\app\routes\extras\plans\plans.component.js
C:\Users\serka\Desktop\xxx\Proje\Angle\wwwroot\build\app\routes\extras\plans\plans.component.js.map
C:\Users\serka\Desktop\xxx\Proje\Angle\wwwroot\build\app\routes\extras\profile\profile.component.js
C:\Users\serka\Desktop\xxx\Proje\Angle\wwwroot\build\app\routes\extras\profile\profile.component.js.map
C:\Users\serka\Desktop\xxx\Proje\Angle\wwwroot\build\app\routes\extras\projects\projects.component.js
C:\Users\serka\Desktop\xxx\Proje\Angle\wwwroot\build\app\routes\extras\projects\projects.component.js.map
C:\Users\serka\Desktop\xxx\Proje\Angle\wwwroot\build\app\routes\extras\projectsdetails\projectsdetails.component.js
C:\Users\serka\Desktop\xxx\Proje\Angle\wwwroot\build\app\routes\extras\projectsdetails\projectsdetails.component.js.map
C:\Users\serka\Desktop\xxx\Proje\Angle\wwwroot\build\app\routes\extras\search\search.component.js
C:\Users\serka\Desktop\xxx\Proje\Angle\wwwroot\build\app\routes\extras\search\search.component.js.map
C:\Users\serka\Desktop\xxx\Proje\Angle\wwwroot\build\app\routes\extras\settings\settings.component.js
C:\Users\serka\Desktop\xxx\Proje\Angle\wwwroot\build\app\routes\extras\settings\settings.component.js.map
C:\Users\serka\Desktop\xxx\Proje\Angle\wwwroot\build\app\routes\extras\socialboard\socialboard.component.js
C:\Users\serka\Desktop\xxx\Proje\Angle\wwwroot\build\app\routes\extras\socialboard\socialboard.component.js.map
C:\Users\serka\Desktop\xxx\Proje\Angle\wwwroot\build\app\routes\extras\teamviewer\teamviewer.component.js
C:\Users\serka\Desktop\xxx\Proje\Angle\wwwroot\build\app\routes\extras\teamviewer\teamviewer.component.js.map
C:\Users\serka\Desktop\xxx\Proje\Angle\wwwroot\build\app\routes\extras\timeline\timeline.component.js
C:\Users\serka\Desktop\xxx\Proje\Angle\wwwroot\build\app\routes\extras\timeline\timeline.component.js.map
C:\Users\serka\Desktop\xxx\Proje\Angle\wwwroot\build\app\routes\extras\todolist\todolist.component.js
C:\Users\serka\Desktop\xxx\Proje\Angle\wwwroot\build\app\routes\extras\todolist\todolist.component.js.map
C:\Users\serka\Desktop\xxx\Proje\Angle\wwwroot\build\app\routes\extras\votelinks\votelinks.component.js
C:\Users\serka\Desktop\xxx\Proje\Angle\wwwroot\build\app\routes\extras\votelinks\votelinks.component.js.map
C:\Users\serka\Desktop\xxx\Proje\Angle\wwwroot\build\app\routes\extras\extras.module.js
C:\Users\serka\Desktop\xxx\Proje\Angle\wwwroot\build\app\routes\extras\extras.module.js.map
C:\Users\serka\Desktop\xxx\Proje\Angle\wwwroot\build\app\routes\forms\standard\standard.component.js
C:\Users\serka\Desktop\xxx\Proje\Angle\wwwroot\build\app\routes\forms\standard\standard.component.js.map
C:\Users\serka\Desktop\xxx\Proje\Angle\wwwroot\build\app\routes\forms\extended\extended.component.js
C:\Users\serka\Desktop\xxx\Proje\Angle\wwwroot\build\app\routes\forms\extended\extended.component.js.map
C:\Users\serka\Desktop\xxx\Proje\Angle\wwwroot\build\app\routes\forms\validation\validation.component.js
C:\Users\serka\Desktop\xxx\Proje\Angle\wwwroot\build\app\routes\forms\validation\validation.component.js.map
C:\Users\serka\Desktop\xxx\Proje\Angle\wwwroot\build\app\routes\forms\upload\upload.component.js
C:\Users\serka\Desktop\xxx\Proje\Angle\wwwroot\build\app\routes\forms\upload\upload.component.js.map
C:\Users\serka\Desktop\xxx\Proje\Angle\wwwroot\build\app\routes\forms\cropper\cropper.component.js
C:\Users\serka\Desktop\xxx\Proje\Angle\wwwroot\build\app\routes\forms\cropper\cropper.component.js.map
C:\Users\serka\Desktop\xxx\Proje\Angle\wwwroot\build\app\routes\forms\forms.module.js
C:\Users\serka\Desktop\xxx\Proje\Angle\wwwroot\build\app\routes\forms\forms.module.js.map
C:\Users\serka\Desktop\xxx\Proje\Angle\wwwroot\build\app\routes\home\home\home.component.js
C:\Users\serka\Desktop\xxx\Proje\Angle\wwwroot\build\app\routes\home\home\home.component.js.map
C:\Users\serka\Desktop\xxx\Proje\Angle\wwwroot\build\app\routes\home\home.module.js
C:\Users\serka\Desktop\xxx\Proje\Angle\wwwroot\build\app\routes\home\home.module.js.map
C:\Users\serka\Desktop\xxx\Proje\Angle\wwwroot\build\app\routes\maps\google\google.component.js
C:\Users\serka\Desktop\xxx\Proje\Angle\wwwroot\build\app\routes\maps\google\google.component.js.map
C:\Users\serka\Desktop\xxx\Proje\Angle\wwwroot\build\app\routes\maps\vector\vector.component.js
C:\Users\serka\Desktop\xxx\Proje\Angle\wwwroot\build\app\routes\maps\vector\vector.component.js.map
C:\Users\serka\Desktop\xxx\Proje\Angle\wwwroot\build\app\routes\maps\maps.module.js
C:\Users\serka\Desktop\xxx\Proje\Angle\wwwroot\build\app\routes\maps\maps.module.js.map
C:\Users\serka\Desktop\xxx\Proje\Angle\wwwroot\build\app\routes\student\interfaces\course.js
C:\Users\serka\Desktop\xxx\Proje\Angle\wwwroot\build\app\routes\student\interfaces\course.js.map
C:\Users\serka\Desktop\xxx\Proje\Angle\wwwroot\build\app\routes\student\services\course.service.js
C:\Users\serka\Desktop\xxx\Proje\Angle\wwwroot\build\app\routes\student\services\course.service.js.map
C:\Users\serka\Desktop\xxx\Proje\Angle\wwwroot\build\app\routes\student\course\content-course\content-course.component.js
C:\Users\serka\Desktop\xxx\Proje\Angle\wwwroot\build\app\routes\student\course\content-course\content-course.component.js.map
C:\Users\serka\Desktop\xxx\Proje\Angle\wwwroot\build\app\routes\student\course\detail-course\detail-course.component.js
C:\Users\serka\Desktop\xxx\Proje\Angle\wwwroot\build\app\routes\student\course\detail-course\detail-course.component.js.map
C:\Users\serka\Desktop\xxx\Proje\Angle\wwwroot\build\app\routes\student\course\list-course\list-course.component.js
C:\Users\serka\Desktop\xxx\Proje\Angle\wwwroot\build\app\routes\student\course\list-course\list-course.component.js.map
C:\Users\serka\Desktop\xxx\Proje\Angle\wwwroot\build\app\routes\student\course\reg-course\reg-course.component.js
C:\Users\serka\Desktop\xxx\Proje\Angle\wwwroot\build\app\routes\student\course\reg-course\reg-course.component.js.map
C:\Users\serka\Desktop\xxx\Proje\Angle\wwwroot\build\app\routes\student\student.module.js
C:\Users\serka\Desktop\xxx\Proje\Angle\wwwroot\build\app\routes\student\student.module.js.map
C:\Users\serka\Desktop\xxx\Proje\Angle\wwwroot\build\app\routes\tables\standard\standard.component.js
C:\Users\serka\Desktop\xxx\Proje\Angle\wwwroot\build\app\routes\tables\standard\standard.component.js.map
C:\Users\serka\Desktop\xxx\Proje\Angle\wwwroot\build\app\routes\tables\extended\extended.component.js
C:\Users\serka\Desktop\xxx\Proje\Angle\wwwroot\build\app\routes\tables\extended\extended.component.js.map
C:\Users\serka\Desktop\xxx\Proje\Angle\wwwroot\build\app\routes\tables\datatable\ng2-table-data.js
C:\Users\serka\Desktop\xxx\Proje\Angle\wwwroot\build\app\routes\tables\datatable\ng2-table-data.js.map
C:\Users\serka\Desktop\xxx\Proje\Angle\wwwroot\build\app\routes\tables\datatable\datatable.component.js
C:\Users\serka\Desktop\xxx\Proje\Angle\wwwroot\build\app\routes\tables\datatable\datatable.component.js.map
C:\Users\serka\Desktop\xxx\Proje\Angle\wwwroot\build\app\routes\tables\angulargrid\angulargrid.component.js
C:\Users\serka\Desktop\xxx\Proje\Angle\wwwroot\build\app\routes\tables\angulargrid\angulargrid.component.js.map
C:\Users\serka\Desktop\xxx\Proje\Angle\wwwroot\build\app\routes\tables\ngxdatatable\ngxdatatable.component.js
C:\Users\serka\Desktop\xxx\Proje\Angle\wwwroot\build\app\routes\tables\ngxdatatable\ngxdatatable.component.js.map
C:\Users\serka\Desktop\xxx\Proje\Angle\wwwroot\build\app\routes\tables\tables.module.js
C:\Users\serka\Desktop\xxx\Proje\Angle\wwwroot\build\app\routes\tables\tables.module.js.map
C:\Users\serka\Desktop\xxx\Proje\Angle\wwwroot\build\app\routes\teacher\interfaces\tcourse.js
C:\Users\serka\Desktop\xxx\Proje\Angle\wwwroot\build\app\routes\teacher\interfaces\tcourse.js.map
C:\Users\serka\Desktop\xxx\Proje\Angle\wwwroot\build\app\routes\teacher\interfaces\course.js
C:\Users\serka\Desktop\xxx\Proje\Angle\wwwroot\build\app\routes\teacher\interfaces\course.js.map
C:\Users\serka\Desktop\xxx\Proje\Angle\wwwroot\build\app\routes\teacher\services\course.service.js
C:\Users\serka\Desktop\xxx\Proje\Angle\wwwroot\build\app\routes\teacher\services\course.service.js.map
C:\Users\serka\Desktop\xxx\Proje\Angle\wwwroot\build\app\routes\teacher\course\content-course\content-course.component.js
C:\Users\serka\Desktop\xxx\Proje\Angle\wwwroot\build\app\routes\teacher\course\content-course\content-course.component.js.map
C:\Users\serka\Desktop\xxx\Proje\Angle\wwwroot\build\app\routes\teacher\course\my-courses\my-courses.component.js
C:\Users\serka\Desktop\xxx\Proje\Angle\wwwroot\build\app\routes\teacher\course\my-courses\my-courses.component.js.map
C:\Users\serka\Desktop\xxx\Proje\Angle\wwwroot\build\app\routes\teacher\teacher.module.js
C:\Users\serka\Desktop\xxx\Proje\Angle\wwwroot\build\app\routes\teacher\teacher.module.js.map
C:\Users\serka\Desktop\xxx\Proje\Angle\wwwroot\build\app\routes\widgets\widgets\widgets.component.js
C:\Users\serka\Desktop\xxx\Proje\Angle\wwwroot\build\app\routes\widgets\widgets\widgets.component.js.map
C:\Users\serka\Desktop\xxx\Proje\Angle\wwwroot\build\app\routes\widgets\widgets.module.js
C:\Users\serka\Desktop\xxx\Proje\Angle\wwwroot\build\app\routes\widgets\widgets.module.js.map
